#
# There is insufficient memory for the Java Runtime Environment to continue.
# Native memory allocation (malloc) failed to allocate 310896 bytes for Chunk::new
# Possible reasons:
#   The system is out of physical RAM or swap space
#   The process is running with CompressedOops enabled, and the Java Heap may be blocking the growth of the native heap
# Possible solutions:
#   Reduce memory load on the system
#   Increase physical memory or swap space
#   Check if swap backing store is full
#   Decrease Java heap size (-Xmx/-Xms)
#   Decrease number of Java threads
#   Decrease Java thread stack sizes (-Xss)
#   Set larger code cache with -XX:ReservedCodeCacheSize=
#   JVM is running with Unscaled Compressed Oops mode in which the Java heap is
#     placed in the first 4GB address space. The Java Heap base address is the
#     maximum limit for the native heap growth. Please use -XX:HeapBaseMinAddress
#     to set the Java Heap base and to place the Java Heap above 4GB virtual address.
# This output file may be truncated or incomplete.
#
#  Out of Memory Error (arena.cpp:189), pid=13820, tid=10124
#
# JRE version: Java(TM) SE Runtime Environment (17.0.12+8) (build 17.0.12+8-LTS-286)
# Java VM: Java HotSpot(TM) 64-Bit Server VM (17.0.12+8-LTS-286, mixed mode, sharing, tiered, compressed oops, compressed class ptrs, g1 gc, windows-amd64)
# No core dump will be written. Minidumps are not enabled by default on client versions of Windows
#

---------------  S U M M A R Y ------------

Command Line: -agentlib:jdwp=transport=dt_socket,server=n,suspend=y,address=localhost:56887 -XX:+ShowCodeDetailsInExceptionMessages com.example.demo.DemoApplication

Host: Intel(R) Core(TM) i3-1005G1 CPU @ 1.20GHz, 4 cores, 3G,  Windows 11 , 64 bit Build 22621 (10.0.22621.4391)
Time: Fri Jul 11 00:05:14 2025 India Standard Time elapsed time: 1.551270 seconds (0d 0h 0m 1s)

---------------  T H R E A D  ---------------

Current thread (0x000001dbb215ebe0):  JavaThread "C2 CompilerThread0" daemon [_thread_in_native, id=10124, stack(0x0000007ed3000000,0x0000007ed3100000)]


Current CompileTask:
C2:   1551  595  s!   4       jdk.internal.loader.URLClassPath::getLoader (194 bytes)

Stack: [0x0000007ed3000000,0x0000007ed3100000]
Native frames: (J=compiled Java code, j=interpreted, Vv=VM code, C=native code)
V  [jvm.dll+0x67a04a]
V  [jvm.dll+0x7da4ed]
V  [jvm.dll+0x7dbe33]
V  [jvm.dll+0x7dc4a3]
V  [jvm.dll+0x24508f]
V  [jvm.dll+0xab773]
V  [jvm.dll+0xabd3c]
V  [jvm.dll+0x2aa52f]
V  [jvm.dll+0x581eb9]
V  [jvm.dll+0x21f422]
V  [jvm.dll+0x21f81f]
V  [jvm.dll+0x218aa0]
V  [jvm.dll+0x215b65]
V  [jvm.dll+0x1a2960]
V  [jvm.dll+0x22610b]
V  [jvm.dll+0x2242ab]
V  [jvm.dll+0x79075c]
V  [jvm.dll+0x78abea]
V  [jvm.dll+0x678f35]
C  [ucrtbase.dll+0x29333]
C  [KERNEL32.DLL+0x1259d]
C  [ntdll.dll+0x5af38]


---------------  P R O C E S S  ---------------

Threads class SMR info:
_java_thread_list=0x000001dbb23db4f0, length=15, elements={
0x000001db9701c420, 0x000001dbb2142fb0, 0x000001dbb2143880, 0x000001dbb2155400,
0x000001dbb2156670, 0x000001dbb215af60, 0x000001dbb215dfe0, 0x000001dbb215ebe0,
0x000001dbb2165650, 0x000001dbb2167f70, 0x000001dbb23ab880, 0x000001dbb23c71a0,
0x000001dbb23c96a0, 0x000001dbb23cc090, 0x000001dbb23de7a0
}

Java Threads: ( => current thread )
  0x000001db9701c420 JavaThread "main" [_thread_in_native, id=17192, stack(0x0000007ed2300000,0x0000007ed2400000)]
  0x000001dbb2142fb0 JavaThread "Reference Handler" daemon [_thread_blocked, id=17020, stack(0x0000007ed2a00000,0x0000007ed2b00000)]
  0x000001dbb2143880 JavaThread "Finalizer" daemon [_thread_blocked, id=8624, stack(0x0000007ed2b00000,0x0000007ed2c00000)]
  0x000001dbb2155400 JavaThread "Signal Dispatcher" daemon [_thread_blocked, id=11028, stack(0x0000007ed2c00000,0x0000007ed2d00000)]
  0x000001dbb2156670 JavaThread "Attach Listener" daemon [_thread_blocked, id=13616, stack(0x0000007ed2d00000,0x0000007ed2e00000)]
  0x000001dbb215af60 JavaThread "Service Thread" daemon [_thread_blocked, id=14876, stack(0x0000007ed2e00000,0x0000007ed2f00000)]
  0x000001dbb215dfe0 JavaThread "Monitor Deflation Thread" daemon [_thread_blocked, id=5708, stack(0x0000007ed2f00000,0x0000007ed3000000)]
=>0x000001dbb215ebe0 JavaThread "C2 CompilerThread0" daemon [_thread_in_native, id=10124, stack(0x0000007ed3000000,0x0000007ed3100000)]
  0x000001dbb2165650 JavaThread "C1 CompilerThread0" daemon [_thread_in_vm, id=14732, stack(0x0000007ed3100000,0x0000007ed3200000)]
  0x000001dbb2167f70 JavaThread "Sweeper thread" daemon [_thread_blocked, id=6100, stack(0x0000007ed3200000,0x0000007ed3300000)]
  0x000001dbb23ab880 JavaThread "JDWP Transport Listener: dt_socket" daemon [_thread_blocked, id=6660, stack(0x0000007ed3300000,0x0000007ed3400000)]
  0x000001dbb23c71a0 JavaThread "JDWP Event Helper Thread" daemon [_thread_blocked, id=12180, stack(0x0000007ed3400000,0x0000007ed3500000)]
  0x000001dbb23c96a0 JavaThread "JDWP Command Reader" daemon [_thread_in_native, id=8996, stack(0x0000007ed3500000,0x0000007ed3600000)]
  0x000001dbb23cc090 JavaThread "Notification Thread" daemon [_thread_blocked, id=2148, stack(0x0000007ed3600000,0x0000007ed3700000)]
  0x000001dbb23de7a0 JavaThread "Common-Cleaner" daemon [_thread_blocked, id=9636, stack(0x0000007ed3800000,0x0000007ed3900000)]

Other Threads:
  0x000001db970ccb30 VMThread "VM Thread" [stack: 0x0000007ed2900000,0x0000007ed2a00000] [id=6812]
  0x000001db97071f80 WatcherThread [stack: 0x0000007ed3700000,0x0000007ed3800000] [id=8720]
  0x000001db9705f320 GCTaskThread "GC Thread#0" [stack: 0x0000007ed2400000,0x0000007ed2500000] [id=4300]
  0x000001db97069270 ConcurrentGCThread "G1 Main Marker" [stack: 0x0000007ed2500000,0x0000007ed2600000] [id=6888]
  0x000001db9706aba0 ConcurrentGCThread "G1 Conc#0" [stack: 0x0000007ed2600000,0x0000007ed2700000] [id=52]
  0x000001db970a8970 ConcurrentGCThread "G1 Refine#0" [stack: 0x0000007ed2700000,0x0000007ed2800000] [id=5900]
  0x000001db970a92b0 ConcurrentGCThread "G1 Service" [stack: 0x0000007ed2800000,0x0000007ed2900000] [id=388]

Threads with active compile tasks:
C2 CompilerThread0     1599  595  s!   4       jdk.internal.loader.URLClassPath::getLoader (194 bytes)
C1 CompilerThread0     1599  621       3       java.io.DataInputStream::readUTF (501 bytes)

VM state: not at safepoint (normal execution)

VM Mutex/Monitor currently owned by a thread: None

Heap address: 0x00000000c3600000, size: 970 MB, Compressed Oops mode: 32-bit

CDS archive(s) mapped at: [0x000001dbb3000000-0x000001dbb3bd0000-0x000001dbb3bd0000), size 12386304, SharedBaseAddress: 0x000001dbb3000000, ArchiveRelocationMode: 1.
Compressed class space mapped at: 0x000001dbb4000000-0x000001dbf4000000, reserved size: 1073741824
Narrow klass base: 0x000001dbb3000000, Narrow klass shift: 0, Narrow klass range: 0x100000000

GC Precious Log:
 CPUs: 4 total, 4 available
 Memory: 3877M
 Large Page Support: Disabled
 NUMA Support: Disabled
 Compressed Oops: Enabled (32-bit)
 Heap Region Size: 1M
 Heap Min Capacity: 8M
 Heap Initial Capacity: 62M
 Heap Max Capacity: 970M
 Pre-touch: Disabled
 Parallel Workers: 4
 Concurrent Workers: 1
 Concurrent Refinement Workers: 4
 Periodic GC: Disabled

Heap:
 garbage-first heap   total 63488K, used 14336K [0x00000000c3600000, 0x0000000100000000)
  region size 1024K, 12 young (12288K), 0 survivors (0K)
 Metaspace       used 1680K, committed 1792K, reserved 1114112K
  class space    used 136K, committed 192K, reserved 1048576K

Heap Regions: E=young(eden), S=young(survivor), O=old, HS=humongous(starts), HC=humongous(continues), CS=collection set, F=free, OA=open archive, CA=closed archive, TAMS=top-at-mark-start (previous, next)
|   0|0x00000000c3600000, 0x00000000c3700000, 0x00000000c3700000|100%|HS|  |TAMS 0x00000000c3600000, 0x00000000c3600000| Complete 
|   1|0x00000000c3700000, 0x00000000c3800000, 0x00000000c3800000|100%|HS|  |TAMS 0x00000000c3700000, 0x00000000c3700000| Complete 
|   2|0x00000000c3800000, 0x00000000c3900000, 0x00000000c3900000|100%|HS|  |TAMS 0x00000000c3800000, 0x00000000c3800000| Complete 
|   3|0x00000000c3900000, 0x00000000c3a00000, 0x00000000c3a00000|100%|HS|  |TAMS 0x00000000c3900000, 0x00000000c3900000| Complete 
|   4|0x00000000c3a00000, 0x00000000c3a00000, 0x00000000c3b00000|  0%| F|  |TAMS 0x00000000c3a00000, 0x00000000c3a00000| Untracked 
|   5|0x00000000c3b00000, 0x00000000c3b00000, 0x00000000c3c00000|  0%| F|  |TAMS 0x00000000c3b00000, 0x00000000c3b00000| Untracked 
|   6|0x00000000c3c00000, 0x00000000c3c00000, 0x00000000c3d00000|  0%| F|  |TAMS 0x00000000c3c00000, 0x00000000c3c00000| Untracked 
|   7|0x00000000c3d00000, 0x00000000c3d00000, 0x00000000c3e00000|  0%| F|  |TAMS 0x00000000c3d00000, 0x00000000c3d00000| Untracked 
|   8|0x00000000c3e00000, 0x00000000c3e00000, 0x00000000c3f00000|  0%| F|  |TAMS 0x00000000c3e00000, 0x00000000c3e00000| Untracked 
|   9|0x00000000c3f00000, 0x00000000c3f00000, 0x00000000c4000000|  0%| F|  |TAMS 0x00000000c3f00000, 0x00000000c3f00000| Untracked 
|  10|0x00000000c4000000, 0x00000000c4000000, 0x00000000c4100000|  0%| F|  |TAMS 0x00000000c4000000, 0x00000000c4000000| Untracked 
|  11|0x00000000c4100000, 0x00000000c4100000, 0x00000000c4200000|  0%| F|  |TAMS 0x00000000c4100000, 0x00000000c4100000| Untracked 
|  12|0x00000000c4200000, 0x00000000c4200000, 0x00000000c4300000|  0%| F|  |TAMS 0x00000000c4200000, 0x00000000c4200000| Untracked 
|  13|0x00000000c4300000, 0x00000000c4300000, 0x00000000c4400000|  0%| F|  |TAMS 0x00000000c4300000, 0x00000000c4300000| Untracked 
|  14|0x00000000c4400000, 0x00000000c4400000, 0x00000000c4500000|  0%| F|  |TAMS 0x00000000c4400000, 0x00000000c4400000| Untracked 
|  15|0x00000000c4500000, 0x00000000c4500000, 0x00000000c4600000|  0%| F|  |TAMS 0x00000000c4500000, 0x00000000c4500000| Untracked 
|  16|0x00000000c4600000, 0x00000000c4600000, 0x00000000c4700000|  0%| F|  |TAMS 0x00000000c4600000, 0x00000000c4600000| Untracked 
|  17|0x00000000c4700000, 0x00000000c4700000, 0x00000000c4800000|  0%| F|  |TAMS 0x00000000c4700000, 0x00000000c4700000| Untracked 
|  18|0x00000000c4800000, 0x00000000c4800000, 0x00000000c4900000|  0%| F|  |TAMS 0x00000000c4800000, 0x00000000c4800000| Untracked 
|  19|0x00000000c4900000, 0x00000000c4900000, 0x00000000c4a00000|  0%| F|  |TAMS 0x00000000c4900000, 0x00000000c4900000| Untracked 
|  20|0x00000000c4a00000, 0x00000000c4a00000, 0x00000000c4b00000|  0%| F|  |TAMS 0x00000000c4a00000, 0x00000000c4a00000| Untracked 
|  21|0x00000000c4b00000, 0x00000000c4b00000, 0x00000000c4c00000|  0%| F|  |TAMS 0x00000000c4b00000, 0x00000000c4b00000| Untracked 
|  22|0x00000000c4c00000, 0x00000000c4c00000, 0x00000000c4d00000|  0%| F|  |TAMS 0x00000000c4c00000, 0x00000000c4c00000| Untracked 
|  23|0x00000000c4d00000, 0x00000000c4d00000, 0x00000000c4e00000|  0%| F|  |TAMS 0x00000000c4d00000, 0x00000000c4d00000| Untracked 
|  24|0x00000000c4e00000, 0x00000000c4e00000, 0x00000000c4f00000|  0%| F|  |TAMS 0x00000000c4e00000, 0x00000000c4e00000| Untracked 
|  25|0x00000000c4f00000, 0x00000000c4f00000, 0x00000000c5000000|  0%| F|  |TAMS 0x00000000c4f00000, 0x00000000c4f00000| Untracked 
|  26|0x00000000c5000000, 0x00000000c5000000, 0x00000000c5100000|  0%| F|  |TAMS 0x00000000c5000000, 0x00000000c5000000| Untracked 
|  27|0x00000000c5100000, 0x00000000c5100000, 0x00000000c5200000|  0%| F|  |TAMS 0x00000000c5100000, 0x00000000c5100000| Untracked 
|  28|0x00000000c5200000, 0x00000000c5200000, 0x00000000c5300000|  0%| F|  |TAMS 0x00000000c5200000, 0x00000000c5200000| Untracked 
|  29|0x00000000c5300000, 0x00000000c5300000, 0x00000000c5400000|  0%| F|  |TAMS 0x00000000c5300000, 0x00000000c5300000| Untracked 
|  30|0x00000000c5400000, 0x00000000c5400000, 0x00000000c5500000|  0%| F|  |TAMS 0x00000000c5400000, 0x00000000c5400000| Untracked 
|  31|0x00000000c5500000, 0x00000000c5500000, 0x00000000c5600000|  0%| F|  |TAMS 0x00000000c5500000, 0x00000000c5500000| Untracked 
|  32|0x00000000c5600000, 0x00000000c5600000, 0x00000000c5700000|  0%| F|  |TAMS 0x00000000c5600000, 0x00000000c5600000| Untracked 
|  33|0x00000000c5700000, 0x00000000c5700000, 0x00000000c5800000|  0%| F|  |TAMS 0x00000000c5700000, 0x00000000c5700000| Untracked 
|  34|0x00000000c5800000, 0x00000000c5800000, 0x00000000c5900000|  0%| F|  |TAMS 0x00000000c5800000, 0x00000000c5800000| Untracked 
|  35|0x00000000c5900000, 0x00000000c5900000, 0x00000000c5a00000|  0%| F|  |TAMS 0x00000000c5900000, 0x00000000c5900000| Untracked 
|  36|0x00000000c5a00000, 0x00000000c5a00000, 0x00000000c5b00000|  0%| F|  |TAMS 0x00000000c5a00000, 0x00000000c5a00000| Untracked 
|  37|0x00000000c5b00000, 0x00000000c5b00000, 0x00000000c5c00000|  0%| F|  |TAMS 0x00000000c5b00000, 0x00000000c5b00000| Untracked 
|  38|0x00000000c5c00000, 0x00000000c5c00000, 0x00000000c5d00000|  0%| F|  |TAMS 0x00000000c5c00000, 0x00000000c5c00000| Untracked 
|  39|0x00000000c5d00000, 0x00000000c5d00000, 0x00000000c5e00000|  0%| F|  |TAMS 0x00000000c5d00000, 0x00000000c5d00000| Untracked 
|  40|0x00000000c5e00000, 0x00000000c5e00000, 0x00000000c5f00000|  0%| F|  |TAMS 0x00000000c5e00000, 0x00000000c5e00000| Untracked 
|  41|0x00000000c5f00000, 0x00000000c5f00000, 0x00000000c6000000|  0%| F|  |TAMS 0x00000000c5f00000, 0x00000000c5f00000| Untracked 
|  42|0x00000000c6000000, 0x00000000c6000000, 0x00000000c6100000|  0%| F|  |TAMS 0x00000000c6000000, 0x00000000c6000000| Untracked 
|  43|0x00000000c6100000, 0x00000000c6100000, 0x00000000c6200000|  0%| F|  |TAMS 0x00000000c6100000, 0x00000000c6100000| Untracked 
|  44|0x00000000c6200000, 0x00000000c6200000, 0x00000000c6300000|  0%| F|  |TAMS 0x00000000c6200000, 0x00000000c6200000| Untracked 
|  45|0x00000000c6300000, 0x00000000c6300000, 0x00000000c6400000|  0%| F|  |TAMS 0x00000000c6300000, 0x00000000c6300000| Untracked 
|  46|0x00000000c6400000, 0x00000000c6400000, 0x00000000c6500000|  0%| F|  |TAMS 0x00000000c6400000, 0x00000000c6400000| Untracked 
|  47|0x00000000c6500000, 0x00000000c6500000, 0x00000000c6600000|  0%| F|  |TAMS 0x00000000c6500000, 0x00000000c6500000| Untracked 
|  48|0x00000000c6600000, 0x00000000c6600000, 0x00000000c6700000|  0%| F|  |TAMS 0x00000000c6600000, 0x00000000c6600000| Untracked 
|  49|0x00000000c6700000, 0x00000000c67431f8, 0x00000000c6800000| 26%| E|  |TAMS 0x00000000c6700000, 0x00000000c6700000| Complete 
|  50|0x00000000c6800000, 0x00000000c6900000, 0x00000000c6900000|100%| E|CS|TAMS 0x00000000c6800000, 0x00000000c6800000| Complete 
|  51|0x00000000c6900000, 0x00000000c6a00000, 0x00000000c6a00000|100%| E|CS|TAMS 0x00000000c6900000, 0x00000000c6900000| Complete 
|  52|0x00000000c6a00000, 0x00000000c6b00000, 0x00000000c6b00000|100%| E|CS|TAMS 0x00000000c6a00000, 0x00000000c6a00000| Complete 
|  53|0x00000000c6b00000, 0x00000000c6c00000, 0x00000000c6c00000|100%| E|CS|TAMS 0x00000000c6b00000, 0x00000000c6b00000| Complete 
|  54|0x00000000c6c00000, 0x00000000c6d00000, 0x00000000c6d00000|100%| E|CS|TAMS 0x00000000c6c00000, 0x00000000c6c00000| Complete 
|  55|0x00000000c6d00000, 0x00000000c6e00000, 0x00000000c6e00000|100%| E|CS|TAMS 0x00000000c6d00000, 0x00000000c6d00000| Complete 
|  56|0x00000000c6e00000, 0x00000000c6f00000, 0x00000000c6f00000|100%| E|CS|TAMS 0x00000000c6e00000, 0x00000000c6e00000| Complete 
|  57|0x00000000c6f00000, 0x00000000c7000000, 0x00000000c7000000|100%| E|CS|TAMS 0x00000000c6f00000, 0x00000000c6f00000| Complete 
|  58|0x00000000c7000000, 0x00000000c7100000, 0x00000000c7100000|100%| E|  |TAMS 0x00000000c7000000, 0x00000000c7000000| Complete 
|  59|0x00000000c7100000, 0x00000000c7200000, 0x00000000c7200000|100%| E|CS|TAMS 0x00000000c7100000, 0x00000000c7100000| Complete 
|  60|0x00000000c7200000, 0x00000000c7300000, 0x00000000c7300000|100%| E|CS|TAMS 0x00000000c7200000, 0x00000000c7200000| Complete 
|  61|0x00000000c7300000, 0x00000000c7400000, 0x00000000c7400000|100%| E|CS|TAMS 0x00000000c7300000, 0x00000000c7300000| Complete 

Card table byte_map: [0x000001dbadab0000,0x000001dbadca0000] _byte_map_base: 0x000001dbad495000

Marking Bits (Prev, Next): (CMBitMap*) 0x000001db97060860, (CMBitMap*) 0x000001db970608a0
 Prev Bits: [0x000001dbade90000, 0x000001dbaedb8000)
 Next Bits: [0x000001dbaedc0000, 0x000001dbafce8000)

Polling page: 0x000001db94ff0000

Metaspace:

Usage:
  Non-class:      1.51 MB used.
      Class:    136.85 KB used.
       Both:      1.65 MB used.

Virtual space:
  Non-class space:       64.00 MB reserved,       1.56 MB (  2%) committed,  1 nodes.
      Class space:        1.00 GB reserved,     192.00 KB ( <1%) committed,  1 nodes.
             Both:        1.06 GB reserved,       1.75 MB ( <1%) committed. 

Chunk freelists:
   Non-Class:  11.31 MB
       Class:  15.64 MB
        Both:  26.95 MB

MaxMetaspaceSize: unlimited
CompressedClassSpaceSize: 1.00 GB
Initial GC threshold: 21.00 MB
Current GC threshold: 21.00 MB
CDS: on
MetaspaceReclaimPolicy: balanced
 - commit_granule_bytes: 65536.
 - commit_granule_words: 8192.
 - virtual_space_node_default_size: 8388608.
 - enlarge_chunks_in_place: 1.
 - new_chunks_are_fully_committed: 0.
 - uncommit_free_chunks: 1.
 - use_allocation_guard: 0.
 - handle_deallocations: 1.


Internal statistics:

num_allocs_failed_limit: 0.
num_arena_births: 48.
num_arena_deaths: 0.
num_vsnodes_births: 2.
num_vsnodes_deaths: 0.
num_space_committed: 28.
num_space_uncommitted: 0.
num_chunks_returned_to_freelist: 0.
num_chunks_taken_from_freelist: 89.
num_chunk_merges: 0.
num_chunk_splits: 59.
num_chunks_enlarged: 40.
num_inconsistent_stats: 0.

CodeHeap 'non-profiled nmethods': size=120000Kb used=200Kb max_used=200Kb free=119799Kb
 bounds [0x000001dba6390000, 0x000001dba6600000, 0x000001dbad8c0000]
CodeHeap 'profiled nmethods': size=120000Kb used=1170Kb max_used=1170Kb free=118829Kb
 bounds [0x000001db9e8c0000, 0x000001db9eb30000, 0x000001dba5df0000]
CodeHeap 'non-nmethods': size=5760Kb used=1198Kb max_used=1202Kb free=4561Kb
 bounds [0x000001dba5df0000, 0x000001dba6060000, 0x000001dba6390000]
 total_blobs=1022 nmethods=621 adapters=314
 compilation: enabled
              stopped_count=0, restarted_count=0
 full_count=0

Compilation events (20 events):
Event: 1.503 Thread 0x000001dbb2165650 nmethod 597 0x000001db9e9b8490 code [0x000001db9e9b8660, 0x000001db9e9b8a78]
Event: 1.503 Thread 0x000001dbb2165650  598       3       java.lang.ref.Reference::clear (5 bytes)
Event: 1.503 Thread 0x000001dbb2165650 nmethod 598 0x000001db9e9b8c10 code [0x000001db9e9b8da0, 0x000001db9e9b8ee8]
Event: 1.503 Thread 0x000001dbb2165650  599       3       java.lang.String::getChars (54 bytes)
Event: 1.503 Thread 0x000001dbb2165650 nmethod 599 0x000001db9e9b8f90 code [0x000001db9e9b9180, 0x000001db9e9b9618]
Event: 1.503 Thread 0x000001dbb2165650  600   !   3       java.util.zip.ZipFile::getInputStream (275 bytes)
Event: 1.505 Thread 0x000001dbb2165650 nmethod 600 0x000001db9e9b9810 code [0x000001db9e9b9b00, 0x000001db9e9baca8]
Event: 1.505 Thread 0x000001dbb2165650  601       3       java.util.zip.ZipFile$ZipFileInputStream::<init> (96 bytes)
Event: 1.505 Thread 0x000001dbb2165650 nmethod 601 0x000001db9e9bb810 code [0x000001db9e9bba40, 0x000001db9e9bc4c8]
Event: 1.506 Thread 0x000001dbb2165650  602       3       java.util.zip.ZipUtils::LOCNAM (7 bytes)
Event: 1.506 Thread 0x000001dbb2165650 nmethod 602 0x000001db9e9bc910 code [0x000001db9e9bcaa0, 0x000001db9e9bcc58]
Event: 1.506 Thread 0x000001dbb2165650  603       3       java.util.zip.ZipUtils::LOCEXT (7 bytes)
Event: 1.506 Thread 0x000001dbb2165650 nmethod 603 0x000001db9e9bcd90 code [0x000001db9e9bcf20, 0x000001db9e9bd0d8]
Event: 1.507 Thread 0x000001dbb2165650  604       3       jdk.internal.ref.PhantomCleanable::clean (16 bytes)
Event: 1.507 Thread 0x000001dbb2165650 nmethod 604 0x000001db9e9bd210 code [0x000001db9e9bd3e0, 0x000001db9e9bd6a8]
Event: 1.507 Thread 0x000001dbb2165650  605       3       jdk.internal.ref.CleanerImpl$PhantomCleanableRef::performCleanup (10 bytes)
Event: 1.507 Thread 0x000001dbb2165650 nmethod 605 0x000001db9e9bd790 code [0x000001db9e9bd940, 0x000001db9e9bdb28]
Event: 1.507 Thread 0x000001dbb2165650  606       3       sun.net.www.protocol.file.Handler::parseURL (18 bytes)
Event: 1.508 Thread 0x000001dbb2165650 nmethod 606 0x000001db9e9bdc10 code [0x000001db9e9bddc0, 0x000001db9e9bdf78]
Event: 1.508 Thread 0x000001dbb2165650  607       3       java.net.URLStreamHandler::parseURL (1201 bytes)

GC Heap History (0 events):
No events

Deoptimization events (20 events):
Event: 1.082 Thread 0x000001db9701c420 DEOPT PACKING pc=0x000001db9e8e82ca sp=0x0000007ed23fa6b0
Event: 1.082 Thread 0x000001db9701c420 DEOPT UNPACKING pc=0x000001dba5e466e3 sp=0x0000007ed23f9b70 mode 0
Event: 1.082 Thread 0x000001db9701c420 DEOPT PACKING pc=0x000001db9e8e82ca sp=0x0000007ed23fa6b0
Event: 1.082 Thread 0x000001db9701c420 DEOPT UNPACKING pc=0x000001dba5e466e3 sp=0x0000007ed23f9b70 mode 0
Event: 1.083 Thread 0x000001db9701c420 DEOPT PACKING pc=0x000001db9e8e82ca sp=0x0000007ed23fa6b0
Event: 1.083 Thread 0x000001db9701c420 DEOPT UNPACKING pc=0x000001dba5e466e3 sp=0x0000007ed23f9b70 mode 0
Event: 1.083 Thread 0x000001db9701c420 DEOPT PACKING pc=0x000001db9e8e82ca sp=0x0000007ed23fa6b0
Event: 1.083 Thread 0x000001db9701c420 DEOPT UNPACKING pc=0x000001dba5e466e3 sp=0x0000007ed23f9b70 mode 0
Event: 1.083 Thread 0x000001db9701c420 DEOPT PACKING pc=0x000001db9e8e82ca sp=0x0000007ed23fa6b0
Event: 1.083 Thread 0x000001db9701c420 DEOPT UNPACKING pc=0x000001dba5e466e3 sp=0x0000007ed23f9b70 mode 0
Event: 1.102 Thread 0x000001db9701c420 DEOPT PACKING pc=0x000001db9e8c87ea sp=0x0000007ed23fade0
Event: 1.102 Thread 0x000001db9701c420 DEOPT UNPACKING pc=0x000001dba5e466e3 sp=0x0000007ed23fa200 mode 0
Event: 1.120 Thread 0x000001db9701c420 DEOPT PACKING pc=0x000001db9e8c6555 sp=0x0000007ed23fa9c0
Event: 1.120 Thread 0x000001db9701c420 DEOPT UNPACKING pc=0x000001dba5e466e3 sp=0x0000007ed23f9e38 mode 0
Event: 1.153 Thread 0x000001db9701c420 DEOPT PACKING pc=0x000001db9e8c060a sp=0x0000007ed23fa6f0
Event: 1.153 Thread 0x000001db9701c420 DEOPT UNPACKING pc=0x000001dba5e466e3 sp=0x0000007ed23f9b68 mode 0
Event: 1.306 Thread 0x000001db9701c420 DEOPT PACKING pc=0x000001db9e90f7c7 sp=0x0000007ed23fc800
Event: 1.306 Thread 0x000001db9701c420 DEOPT UNPACKING pc=0x000001dba5e466e3 sp=0x0000007ed23fbcf0 mode 0
Event: 1.309 Thread 0x000001db9701c420 DEOPT PACKING pc=0x000001db9e8f0985 sp=0x0000007ed23fceb0
Event: 1.309 Thread 0x000001db9701c420 DEOPT UNPACKING pc=0x000001dba5e466e3 sp=0x0000007ed23fc350 mode 0

Classes unloaded (0 events):
No events

Classes redefined (0 events):
No events

Internal exceptions (2 events):
Event: 1.486 Thread 0x000001db9701c420 Exception <a 'java/lang/NoSuchMethodError'{0x00000000c6873860}: 'java.lang.Object java.lang.invoke.DirectMethodHandle$Holder.invokeSpecial(java.lang.Object, java.lang.Object, java.lang.Object, long, java.lang.Object)'> (0x00000000c6873860) 
thrown [s\open\src\hotspot\share\interpreter\linkResolver.cpp, line 759]
Event: 1.487 Thread 0x000001db9701c420 Exception <a 'java/lang/NoSuchMethodError'{0x00000000c6877500}: 'java.lang.Object java.lang.invoke.Invokers$Holder.linkToTargetMethod(java.lang.Object, long, java.lang.Object, java.lang.Object)'> (0x00000000c6877500) 
thrown [s\open\src\hotspot\share\interpreter\linkResolver.cpp, line 759]

VM Operations (10 events):
Event: 0.473 Executing VM operation: ChangeBreakpoints
Event: 0.473 Executing VM operation: ChangeBreakpoints done
Event: 1.067 Executing VM operation: HandshakeAllThreads
Event: 1.067 Executing VM operation: HandshakeAllThreads done
Event: 1.266 Executing VM operation: HandshakeAllThreads
Event: 1.266 Executing VM operation: HandshakeAllThreads done
Event: 1.341 Executing VM operation: HandshakeAllThreads
Event: 1.341 Executing VM operation: HandshakeAllThreads done
Event: 1.393 Executing VM operation: HandshakeAllThreads
Event: 1.393 Executing VM operation: HandshakeAllThreads done

Events (20 events):
Event: 1.392 loading class sun/net/www/MessageHeader
Event: 1.392 loading class sun/net/www/MessageHeader done
Event: 1.392 loading class sun/net/www/protocol/jar/URLJarFile
Event: 1.393 loading class sun/net/www/protocol/jar/URLJarFile done
Event: 1.393 loading class sun/net/www/protocol/jar/URLJarFile$URLJarFileEntry
Event: 1.394 loading class sun/net/www/protocol/jar/URLJarFile$URLJarFileEntry done
Event: 1.394 loading class sun/net/www/protocol/jar/JarURLConnection$JarURLInputStream
Event: 1.394 loading class sun/net/www/protocol/jar/JarURLConnection$JarURLInputStream done
Event: 1.395 loading class java/util/LinkedHashMap$LinkedKeySet
Event: 1.395 loading class java/util/LinkedHashMap$LinkedKeySet done
Event: 1.395 loading class java/util/LinkedHashMap$LinkedKeyIterator
Event: 1.395 loading class java/util/LinkedHashMap$LinkedKeyIterator done
Event: 1.411 loading class java/lang/IndexOutOfBoundsException
Event: 1.411 loading class java/lang/IndexOutOfBoundsException done
Event: 1.448 loading class java/util/zip/ZipFile$ZipEntryIterator
Event: 1.448 loading class java/util/zip/ZipFile$ZipEntryIterator done
Event: 1.489 loading class java/net/MalformedURLException
Event: 1.489 loading class java/net/MalformedURLException done
Event: 1.517 loading class java/util/concurrent/atomic/AtomicBoolean
Event: 1.523 loading class java/util/concurrent/atomic/AtomicBoolean done


Dynamic libraries:
0x00007ff6e2b50000 - 0x00007ff6e2b60000 	C:\Program Files\Java\jdk-17\bin\java.exe
0x00007ffa2cc50000 - 0x00007ffa2ce67000 	C:\WINDOWS\SYSTEM32\ntdll.dll
0x00007ffa2be00000 - 0x00007ffa2bec4000 	C:\WINDOWS\System32\KERNEL32.DLL
0x00007ffa2a0e0000 - 0x00007ffa2a49a000 	C:\WINDOWS\System32\KERNELBASE.dll
0x00007ffa2a5c0000 - 0x00007ffa2a6d1000 	C:\WINDOWS\System32\ucrtbase.dll
0x00007ffa23c60000 - 0x00007ffa23c7b000 	C:\Program Files\Java\jdk-17\bin\VCRUNTIME140.dll
0x00007ff9f6fe0000 - 0x00007ff9f6ff9000 	C:\Program Files\Java\jdk-17\bin\jli.dll
0x00007ffa2a9c0000 - 0x00007ffa2aa72000 	C:\WINDOWS\System32\ADVAPI32.dll
0x00007ffa2ac40000 - 0x00007ffa2ace7000 	C:\WINDOWS\System32\msvcrt.dll
0x00007ffa2ab30000 - 0x00007ffa2abd7000 	C:\WINDOWS\System32\sechost.dll
0x00007ffa2a920000 - 0x00007ffa2a948000 	C:\WINDOWS\System32\bcrypt.dll
0x00007ffa2c330000 - 0x00007ffa2c444000 	C:\WINDOWS\System32\RPCRT4.dll
0x00007ffa2c7d0000 - 0x00007ffa2c97e000 	C:\WINDOWS\System32\USER32.dll
0x00007ffa2a780000 - 0x00007ffa2a7a6000 	C:\WINDOWS\System32\win32u.dll
0x00007ffa2a990000 - 0x00007ffa2a9b9000 	C:\WINDOWS\System32\GDI32.dll
0x00007ffa2a4a0000 - 0x00007ffa2a5bb000 	C:\WINDOWS\System32\gdi32full.dll
0x00007ffa2a6e0000 - 0x00007ffa2a77a000 	C:\WINDOWS\System32\msvcp_win.dll
0x00007ffa26580000 - 0x00007ffa2658a000 	C:\WINDOWS\SYSTEM32\VERSION.dll
0x00007ffa0cf40000 - 0x00007ffa0d1d2000 	C:\WINDOWS\WinSxS\amd64_microsoft.windows.common-controls_6595b64144ccf1df_6.0.22621.4541_none_2710d1c57384c085\COMCTL32.dll
0x00007ffa2a950000 - 0x00007ffa2a981000 	C:\WINDOWS\System32\IMM32.DLL
0x00007ffa23f90000 - 0x00007ffa23f9c000 	C:\Program Files\Java\jdk-17\bin\vcruntime140_1.dll
0x00007ff9c42c0000 - 0x00007ff9c434e000 	C:\Program Files\Java\jdk-17\bin\msvcp140.dll
0x00007ff96b9b0000 - 0x00007ff96c590000 	C:\Program Files\Java\jdk-17\bin\server\jvm.dll
0x00007ffa17080000 - 0x00007ffa170b4000 	C:\WINDOWS\SYSTEM32\WINMM.dll
0x00007ffa2bdf0000 - 0x00007ffa2bdf8000 	C:\WINDOWS\System32\PSAPI.DLL
0x00007ffa056c0000 - 0x00007ffa056c9000 	C:\WINDOWS\SYSTEM32\WSOCK32.dll
0x00007ffa2bbb0000 - 0x00007ffa2bc21000 	C:\WINDOWS\System32\WS2_32.dll
0x00007ffa28fd0000 - 0x00007ffa28fe8000 	C:\WINDOWS\SYSTEM32\kernel.appcore.dll
0x00007ff9f6fd0000 - 0x00007ff9f6fda000 	C:\Program Files\Java\jdk-17\bin\jimage.dll
0x00007ffa27830000 - 0x00007ffa27a62000 	C:\WINDOWS\SYSTEM32\DBGHELP.DLL
0x00007ffa2bf20000 - 0x00007ffa2c2af000 	C:\WINDOWS\System32\combase.dll
0x00007ffa2c670000 - 0x00007ffa2c747000 	C:\WINDOWS\System32\OLEAUT32.dll
0x00007ffa26880000 - 0x00007ffa268b2000 	C:\WINDOWS\SYSTEM32\dbgcore.DLL
0x00007ffa29f20000 - 0x00007ffa29f9b000 	C:\WINDOWS\System32\bcryptPrimitives.dll
0x00007ff9f6f90000 - 0x00007ff9f6fcb000 	C:\Program Files\Java\jdk-17\bin\jdwp.dll
0x00007ff9f3c60000 - 0x00007ff9f3c85000 	C:\Program Files\Java\jdk-17\bin\java.dll
0x00007ff9c41e0000 - 0x00007ff9c42b7000 	C:\Program Files\Java\jdk-17\bin\jsvml.dll
0x00007ffa2b320000 - 0x00007ffa2bb98000 	C:\WINDOWS\System32\SHELL32.dll
0x00007ffa27e60000 - 0x00007ffa28768000 	C:\WINDOWS\SYSTEM32\windows.storage.dll
0x00007ffa27d20000 - 0x00007ffa27e5f000 	C:\WINDOWS\SYSTEM32\wintypes.dll
0x00007ffa2c450000 - 0x00007ffa2c54a000 	C:\WINDOWS\System32\SHCORE.dll
0x00007ffa2abe0000 - 0x00007ffa2ac3e000 	C:\WINDOWS\System32\shlwapi.dll
0x00007ffa29e50000 - 0x00007ffa29e7b000 	C:\WINDOWS\SYSTEM32\profapi.dll
0x00007ff9f3c50000 - 0x00007ff9f3c5c000 	C:\Program Files\Java\jdk-17\bin\dt_socket.dll
0x00007ffa28a10000 - 0x00007ffa28a3d000 	C:\WINDOWS\SYSTEM32\IPHLPAPI.DLL
0x00007ffa294d0000 - 0x00007ffa29539000 	C:\WINDOWS\system32\mswsock.dll
0x00007ffa28a40000 - 0x00007ffa28b42000 	C:\WINDOWS\SYSTEM32\DNSAPI.dll
0x00007ffa2c2b0000 - 0x00007ffa2c2b9000 	C:\WINDOWS\System32\NSI.dll
0x00007ffa0bdb0000 - 0x00007ffa0bdba000 	C:\Windows\System32\rasadhlp.dll
0x00007ffa16a90000 - 0x00007ffa16b13000 	C:\WINDOWS\System32\fwpuclnt.dll
0x00007ff9c41c0000 - 0x00007ff9c41d9000 	C:\Program Files\Java\jdk-17\bin\net.dll
0x00007ffa18030000 - 0x00007ffa18166000 	C:\WINDOWS\SYSTEM32\WINHTTP.dll
0x00007ff9c41a0000 - 0x00007ff9c41b6000 	C:\Program Files\Java\jdk-17\bin\nio.dll
0x00007ff9c4180000 - 0x00007ff9c4198000 	C:\Program Files\Java\jdk-17\bin\zip.dll

dbghelp: loaded successfully - version: 4.0.5 - missing functions: none
symbol engine: initialized successfully - sym options: 0x614 - pdb path: .;C:\Program Files\Java\jdk-17\bin;C:\WINDOWS\SYSTEM32;C:\WINDOWS\WinSxS\amd64_microsoft.windows.common-controls_6595b64144ccf1df_6.0.22621.4541_none_2710d1c57384c085;C:\Program Files\Java\jdk-17\bin\server

VM Arguments:
jvm_args: -agentlib:jdwp=transport=dt_socket,server=n,suspend=y,address=localhost:56887 -XX:+ShowCodeDetailsInExceptionMessages 
java_command: com.example.demo.DemoApplication
java_class_path (initial): C:\Users\sakthi\Documents\demo\target\classes;C:\Users\sakthi\.m2\repository\org\springframework\boot\spring-boot-starter-data-jpa\3.5.0\spring-boot-starter-data-jpa-3.5.0.jar;C:\Users\sakthi\.m2\repository\org\springframework\boot\spring-boot-starter\3.5.0\spring-boot-starter-3.5.0.jar;C:\Users\sakthi\.m2\repository\org\springframework\boot\spring-boot\3.5.0\spring-boot-3.5.0.jar;C:\Users\sakthi\.m2\repository\org\springframework\boot\spring-boot-autoconfigure\3.5.0\spring-boot-autoconfigure-3.5.0.jar;C:\Users\sakthi\.m2\repository\org\springframework\boot\spring-boot-starter-logging\3.5.0\spring-boot-starter-logging-3.5.0.jar;C:\Users\sakthi\.m2\repository\ch\qos\logback\logback-classic\1.5.18\logback-classic-1.5.18.jar;C:\Users\sakthi\.m2\repository\ch\qos\logback\logback-core\1.5.18\logback-core-1.5.18.jar;C:\Users\sakthi\.m2\repository\org\apache\logging\log4j\log4j-to-slf4j\2.24.3\log4j-to-slf4j-2.24.3.jar;C:\Users\sakthi\.m2\repository\org\apache\logging\log4j\log4j-api\2.24.3\log4j-api-2.24.3.jar;C:\Users\sakthi\.m2\repository\org\slf4j\jul-to-slf4j\2.0.17\jul-to-slf4j-2.0.17.jar;C:\Users\sakthi\.m2\repository\jakarta\annotation\jakarta.annotation-api\2.1.1\jakarta.annotation-api-2.1.1.jar;C:\Users\sakthi\.m2\repository\org\yaml\snakeyaml\2.4\snakeyaml-2.4.jar;C:\Users\sakthi\.m2\repository\org\springframework\boot\spring-boot-starter-jdbc\3.5.0\spring-boot-starter-jdbc-3.5.0.jar;C:\Users\sakthi\.m2\repository\com\zaxxer\HikariCP\6.3.0\HikariCP-6.3.0.jar;C:\Users\sakthi\.m2\repository\org\springframework\spring-jdbc\6.2.7\spring-jdbc-6.2.7.jar;C:\Users\sakthi\.m2\repository\org\hibernate\orm\hibernate-core\6.6.15.Final\hibernate-core-6.6.15.Final.jar;C:\Users\sakthi\.m2\repository\jakarta\persistence\jakarta.persistence-api\3.1.0\jakarta.persistence-api-3.1.0.jar;C:\Users\sakthi\.m2\repository\jakarta\transaction\jakarta.transaction-api\2.0.1\jakarta.transaction-api-2.0.1.jar;C:\Users\sakthi\.m2\repository\org\jboss\logging\jboss
Launcher Type: SUN_STANDARD

[Global flags]
     intx CICompilerCount                          = 3                                         {product} {ergonomic}
     uint ConcGCThreads                            = 1                                         {product} {ergonomic}
     uint G1ConcRefinementThreads                  = 4                                         {product} {ergonomic}
   size_t G1HeapRegionSize                         = 1048576                                   {product} {ergonomic}
    uintx GCDrainStackTargetSize                   = 64                                        {product} {ergonomic}
   size_t InitialHeapSize                          = 65011712                                  {product} {ergonomic}
   size_t MarkStackSize                            = 4194304                                   {product} {ergonomic}
   size_t MaxHeapSize                              = 1017118720                                {product} {ergonomic}
   size_t MaxNewSize                               = 610271232                                 {product} {ergonomic}
   size_t MinHeapDeltaBytes                        = 1048576                                   {product} {ergonomic}
   size_t MinHeapSize                              = 8388608                                   {product} {ergonomic}
    uintx NonNMethodCodeHeapSize                   = 5832780                                {pd product} {ergonomic}
    uintx NonProfiledCodeHeapSize                  = 122912730                              {pd product} {ergonomic}
    uintx ProfiledCodeHeapSize                     = 122912730                              {pd product} {ergonomic}
    uintx ReservedCodeCacheSize                    = 251658240                              {pd product} {ergonomic}
     bool SegmentedCodeCache                       = true                                      {product} {ergonomic}
     bool ShowCodeDetailsInExceptionMessages       = true                                   {manageable} {command line}
   size_t SoftMaxHeapSize                          = 1017118720                             {manageable} {ergonomic}
     bool UseCompressedClassPointers               = true                           {product lp64_product} {ergonomic}
     bool UseCompressedOops                        = true                           {product lp64_product} {ergonomic}
     bool UseG1GC                                  = true                                      {product} {ergonomic}
     bool UseLargePagesIndividualAllocation        = false                                  {pd product} {ergonomic}

Logging:
Log output configuration:
 #0: stdout all=warning uptime,level,tags
 #1: stderr all=off uptime,level,tags

Environment Variables:
PATH=C:\Program Files\Eclipse Adoptium\jdk-21.0.3.9-hotspot\bin;C:\Program Files\Common Files\Oracle\Java\javapath;C:\Program Files (x86)\Common Files\Oracle\Java\javapath;C:\Program Files (x86)\Common Files\Intel\Shared Libraries\redist\intel64\compiler;C:\WINDOWS\system32;C:\WINDOWS;C:\WINDOWS\System32\Wbem;C:\WINDOWS\System32\WindowsPowerShell\v1.0\;C:\WINDOWS\System32\OpenSSH\;C:\Program Files\Microsoft SQL Server\150\Tools\Binn\;H:\apache-maven-3.9.8\bin;C:\Program Files\Git\cmd;C:\Users\sakthi\AppData\Local\Programs\Python\Python312\Scripts\;C:\Users\sakthi\AppData\Local\Programs\Python\Python312\;C:\Users\sakthi\AppData\Local\Microsoft\WindowsApps;C:\Users\sakthi\AppData\Local\Programs\Microsoft VS Code\bin
USERNAME=sakthi
LANG=en_US.UTF-8
OS=Windows_NT
PROCESSOR_IDENTIFIER=Intel64 Family 6 Model 126 Stepping 5, GenuineIntel



---------------  S Y S T E M  ---------------

OS:
 Windows 11 , 64 bit Build 22621 (10.0.22621.4391)
OS uptime: 0 days 10:49 hours

CPU: total 4 (initial active 4) (2 cores per cpu, 2 threads per core) family 6 model 126 stepping 5 microcode 0xa6, cx8, cmov, fxsr, ht, mmx, 3dnowpref, sse, sse2, sse3, ssse3, sse4.1, sse4.2, popcnt, lzcnt, tsc, tscinvbit, avx, avx2, aes, erms, clmul, bmi1, bmi2, adx, avx512f, avx512dq, avx512cd, avx512bw, avx512vl, sha, fma, vzeroupper, avx512_vpopcntdq, avx512_vpclmulqdq, avx512_vaes, avx512_vnni, clflush, clflushopt, avx512_vbmi2, avx512_vbmi

Memory: 4k page, system-wide physical 3877M (115M free)
TotalPageFile size 15653M (AvailPageFile size 0M)
current process WorkingSet (physical memory assigned to process): 63M, peak: 63M
current process commit charge ("private bytes"): 146M, peak: 146M

vm_info: Java HotSpot(TM) 64-Bit Server VM (17.0.12+8-LTS-286) for windows-amd64 JRE (17.0.12+8-LTS-286), built on Jun  5 2024 06:46:59 by "mach5one" with MS VC++ 17.6 (VS2022)

END.
